<?xml version="1.0" encoding="UTF-8"?>
<testsuite name="com.example.playlist_api.PlaylistApiApplicationTests" tests="1" skipped="0" failures="0" errors="0" timestamp="2026-06-24T11:08:21.753Z" hostname="JANA-HP" time="5.778">
  <properties/>
  <testcase name="contextLoads()" classname="com.example.playlist_api.PlaylistApiApplicationTests" time="1.031"/>
  <system-out><![CDATA[14:08:22.078 [Test worker] INFO org.springframework.test.context.support.AnnotationConfigContextLoaderUtils -- Could not detect default configuration classes for test class [com.example.playlist_api.PlaylistApiApplicationTests]: PlaylistApiApplicationTests does not declare any static, non-private, non-final, nested classes annotated with @Configuration.
14:08:22.261 [Test worker] INFO org.springframework.boot.test.context.SpringBootTestContextBootstrapper -- Found @SpringBootConfiguration com.example.playlist_api.PlaylistApiApplication for test class com.example.playlist_api.PlaylistApiApplicationTests
14:08:22.418 [Test worker] INFO org.springframework.test.context.support.AnnotationConfigContextLoaderUtils -- Could not detect default configuration classes for test class [com.example.playlist_api.PlaylistApiApplicationTests]: PlaylistApiApplicationTests does not declare any static, non-private, non-final, nested classes annotated with @Configuration.
14:08:22.420 [Test worker] INFO org.springframework.boot.test.context.SpringBootTestContextBootstrapper -- Found @SpringBootConfiguration com.example.playlist_api.PlaylistApiApplication for test class com.example.playlist_api.PlaylistApiApplicationTests

  .   ____          _            __ _ _
 /\\ / ___'_ __ _ _(_)_ __  __ _ \ \ \ \
( ( )\___ | '_ | '_| | '_ \/ _` | \ \ \ \
 \\/  ___)| |_)| | | | | || (_| |  ) ) ) )
  '  |____| .__|_| |_|_| |_\__, | / / / /
 =========|_|==============|___/=/_/_/_/

 :: Spring Boot ::                (v4.1.0)

2026-06-24T14:08:22.982+03:00  INFO 13692 --- [playlist-api] [    Test worker] c.e.p.PlaylistApiApplicationTests        : Starting PlaylistApiApplicationTests using Java 21.0.11 with PID 13692 (started by Jana in C:\Users\Jana\OneDrive\playlist task\playlist-api)
2026-06-24T14:08:22.985+03:00  INFO 13692 --- [playlist-api] [    Test worker] c.e.p.PlaylistApiApplicationTests        : No active profile set, falling back to 1 default profile: "default"
2026-06-24T14:08:24.231+03:00  INFO 13692 --- [playlist-api] [    Test worker] .s.d.r.c.RepositoryConfigurationDelegate : Bootstrapping Spring Data MongoDB repositories in DEFAULT mode.
2026-06-24T14:08:24.333+03:00  INFO 13692 --- [playlist-api] [    Test worker] .s.d.r.c.RepositoryConfigurationDelegate : Finished Spring Data repository scanning in 86 ms. Found 1 MongoDB repository interface.
2026-06-24T14:08:25.002+03:00 DEBUG 13692 --- [playlist-api] [    Test worker] org.mongodb.driver.cluster               : Starting monitoring for topology with ID ClusterId{value='6a3bbaa8f7aaa2d0b33d3f63', description='null'}
2026-06-24T14:08:25.022+03:00 DEBUG 13692 --- [playlist-api] [    Test worker] org.mongodb.driver.cluster               : Updating cluster description to  {type=UNKNOWN, servers=[{address=localhost:27017, type=UNKNOWN, state=CONNECTING}]
2026-06-24T14:08:25.026+03:00 DEBUG 13692 --- [playlist-api] [    Test worker] org.mongodb.driver.cluster               : Description changed for topology with ID ClusterId{value='6a3bbaa8f7aaa2d0b33d3f63', description='null'}. Previous description: {type=UNKNOWN, servers=[]. New description: {type=UNKNOWN, servers=[{address=localhost:27017, type=UNKNOWN, state=CONNECTING}]
2026-06-24T14:08:25.051+03:00 DEBUG 13692 --- [playlist-api] [    Test worker] org.mongodb.driver.connection            : Connection pool created for localhost:27017 using options maxIdleTimeMS=0, minPoolSize=0, maxPoolSize=100, maxConnecting=2, waitQueueTimeoutMS=120000
2026-06-24T14:08:25.058+03:00 DEBUG 13692 --- [playlist-api] [    Test worker] org.mongodb.driver.cluster               : Starting monitoring for server localhost:27017 in topology with ID ClusterId{value='6a3bbaa8f7aaa2d0b33d3f63', description='null'}
2026-06-24T14:08:25.059+03:00 DEBUG 13692 --- [playlist-api] [localhost:27017] org.mongodb.driver.cluster               : Checking status of localhost:27017
2026-06-24T14:08:25.070+03:00 DEBUG 13692 --- [playlist-api] [localhost:27017] org.mongodb.driver.cluster               : Heartbeat started for localhost:27017 on connection with driver-generated ID 1 and server-generated ID null in topology with ID ClusterId{value='6a3bbaa8f7aaa2d0b33d3f63', description='null'}. Awaited: false
2026-06-24T14:08:25.100+03:00  INFO 13692 --- [playlist-api] [    Test worker] org.mongodb.driver.client                : MongoClient with metadata {"driver": {"name": "mongo-java-driver|spring-boot|sync", "version": "5.8.0"}, "os": {"type": "Windows", "name": "Windows 11", "architecture": "amd64", "version": "10.0"}, "platform": "Java/Oracle Corporation/21.0.11+9-LTS-211"} created with settings MongoClientSettings{readPreference=primary, writeConcern=WriteConcern{w=null, wTimeout=null ms, journal=null}, retryWrites=true, retryReads=true, readConcern=ReadConcern{level=null}, credential=null, transportSettings=null, commandListeners=[], codecRegistry=ProvidersCodecRegistry{codecProviders=[ValueCodecProvider{}, BsonValueCodecProvider{}, DBRefCodecProvider{}, DBObjectCodecProvider{}, DocumentCodecProvider{}, CollectionCodecProvider{}, IterableCodecProvider{}, MapCodecProvider{}, GeoJsonCodecProvider{}, GridFSFileCodecProvider{}, Jsr310CodecProvider{}, JsonObjectCodecProvider{}, BsonCodecProvider{}, com.mongodb.client.model.mql.ExpressionCodecProvider@267ff4df, com.mongodb.Jep395RecordCodecProvider@7c4b5ceb, com.mongodb.KotlinCodecProvider@6c07add6, EnumCodecProvider{}]}, loggerSettings=LoggerSettings{maxDocumentLength=1000}, clusterSettings={hosts=[localhost:27017], srvServiceName=mongodb, mode=SINGLE, requiredClusterType=UNKNOWN, requiredReplicaSetName='null', serverSelector='null', clusterListeners='[]', serverSelectionTimeout='30000 ms', localThreshold='15 ms'}, socketSettings=SocketSettings{connectTimeoutMS=10000, readTimeoutMS=0, receiveBufferSize=0, proxySettings=ProxySettings{host=null, port=null, username=null, password=null}}, heartbeatSocketSettings=SocketSettings{connectTimeoutMS=10000, readTimeoutMS=10000, receiveBufferSize=0, proxySettings=ProxySettings{host=null, port=null, username=null, password=null}}, connectionPoolSettings=ConnectionPoolSettings{maxSize=100, minSize=0, maxWaitTimeMS=120000, maxConnectionLifeTimeMS=0, maxConnectionIdleTimeMS=0, maintenanceInitialDelayMS=0, maintenanceFrequencyMS=60000, connectionPoolListeners=[], maxConnecting=2}, serverSettings=ServerSettings{heartbeatFrequencyMS=10000, minHeartbeatFrequencyMS=500, serverMonitoringMode=AUTO, serverListeners='[]', serverMonitorListeners='[]'}, sslSettings=SslSettings{enabled=false, invalidHostNameAllowed=false, context=null}, applicationName='null', compressorList=[], uuidRepresentation=UNSPECIFIED, serverApi=null, autoEncryptionSettings=null, dnsClient=null, inetAddressResolver=null, contextProvider=null, timeoutMS=null}
2026-06-24T14:08:25.160+03:00  INFO 13692 --- [playlist-api] [localhost:27017] org.mongodb.driver.cluster               : Monitor thread successfully connected to server with description ServerDescription{address=localhost:27017, type=STANDALONE, cryptd=false, state=CONNECTED, ok=true, minWireVersion=0, maxWireVersion=27, maxDocumentSize=16777216, logicalSessionTimeoutMinutes=30, roundTripTimeNanos=61407700, minRoundTripTimeNanos=0}
2026-06-24T14:08:25.163+03:00 DEBUG 13692 --- [playlist-api] [localhost:27017] org.mongodb.driver.connection            : Connection pool ready for localhost:27017
2026-06-24T14:08:25.170+03:00 DEBUG 13692 --- [playlist-api] [localhost:27017] org.mongodb.driver.cluster               : Updating cluster description to  {type=STANDALONE, servers=[{address=localhost:27017, type=STANDALONE, roundTripTime=61.4 ms, state=CONNECTED}]
2026-06-24T14:08:25.170+03:00 DEBUG 13692 --- [playlist-api] [localhost:27017] org.mongodb.driver.cluster               : Description changed for topology with ID ClusterId{value='6a3bbaa8f7aaa2d0b33d3f63', description='null'}. Previous description: {type=UNKNOWN, servers=[{address=localhost:27017, type=UNKNOWN, state=CONNECTING}]. New description: {type=STANDALONE, servers=[{address=localhost:27017, type=STANDALONE, roundTripTime=61.4 ms, state=CONNECTED}]
2026-06-24T14:08:25.170+03:00 DEBUG 13692 --- [playlist-api] [localhost:27017] org.mongodb.driver.cluster               : Checking status of localhost:27017
2026-06-24T14:08:26.469+03:00  INFO 13692 --- [playlist-api] [    Test worker] c.e.p.PlaylistApiApplicationTests        : Started PlaylistApiApplicationTests in 3.945 seconds (process running for 8.202)
]]></system-out>
  <system-err><![CDATA[Mockito is currently self-attaching to enable the inline-mock-maker. This will no longer work in future releases of the JDK. Please add Mockito as an agent to your build as described in Mockito's documentation: https://javadoc.io/doc/org.mockito/mockito-core/latest/org.mockito/org/mockito/Mockito.html#0.3
WARNING: A Java agent has been loaded dynamically (C:\Users\Jana\.gradle\caches\modules-2\files-2.1\net.bytebuddy\byte-buddy-agent\1.18.10\9426d28828bdcdf42666bb7a68c468279ea78f59\byte-buddy-agent-1.18.10.jar)
WARNING: If a serviceability tool is in use, please run with -XX:+EnableDynamicAgentLoading to hide this warning
WARNING: If a serviceability tool is not in use, please run with -Djdk.instrument.traceUsage for more information
WARNING: Dynamic loading of agents will be disallowed by default in a future release
]]></system-err>
</testsuite>
